<?xml version="1.0" encoding="UTF-8"?>
<testng-results ignored="0" total="1" passed="1" failed="0" skipped="0">
  <reporter-output>
  </reporter-output>
  <suite started-at="2022-10-14T11:59:15 IST" name="Default suite" finished-at="2022-10-14T11:59:20 IST" duration-ms="5445">
    <groups>
    </groups>
    <test started-at="2022-10-14T11:59:15 IST" name="Default test" finished-at="2022-10-14T11:59:20 IST" duration-ms="5445">
      <class name="com.restasure.DeletRequest">
        <test-method signature="deleteData()[pri:0, instance:com.restasure.DeletRequest@378542de]" started-at="2022-10-14T11:59:15 IST" name="deleteData" finished-at="2022-10-14T11:59:20 IST" duration-ms="5307" status="PASS">
          <reporter-output>
          </reporter-output>
        </test-method> <!-- deleteData -->
      </class> <!-- com.restasure.DeletRequest -->
    </test> <!-- Default test -->
  </suite> <!-- Default suite -->
</testng-results>
